============================= test session starts ==============================
platform darwin -- Python 3.9.6, pytest-8.3.3, pluggy-1.5.0
rootdir: /Users/frankcholula/Workspace/school/sapr/assignment2
configfile: pyproject.toml
collected 17 items

tests/test_decode.py::test_viterbi_decode 
Training `None` HMM using Baum-Welch algorithm...
Iteration 1, Log-Likelihood: -255891.70
Iteration 2, Log-Likelihood: -143444.14
Iteration 3, Log-Likelihood: -127369.77
Iteration 4, Log-Likelihood: -140514.92
Iteration 5, Log-Likelihood: -147176.45
Iteration 6, Log-Likelihood: -161325.52
Iteration 7, Log-Likelihood: -158641.91
Training complete!
Viterbi Path: [1, 1, 1, 1, 1, 2, 3, 4, 5, 6, 7, 8, 9]
Log Probability: -32038.512216578652
PASSED
tests/test_foward_backward.py::test_emission_matrix 
First Frame Log Probabilities:
[-62.84883983 -62.84883983 -62.84883983 -62.84883983 -62.84883983
 -62.84883983 -62.84883983 -62.84883983]

Emission Matrix:
      State 1     State 2     State 3  ...     State 8     State 9  State 10
T 1      -inf  -62.848840  -62.848840  ...  -62.848840  -62.848840      -inf
T 2      -inf  -62.848840  -62.848840  ...  -62.848840  -62.848840      -inf
T 3      -inf  -62.848840  -62.848840  ...  -62.848840  -62.848840      -inf
T 4      -inf  -62.848840  -62.848840  ...  -62.848840  -62.848840      -inf
T 5      -inf  -62.848840  -62.848840  ...  -62.848840  -62.848840      -inf
T 6      -inf  -62.848840  -62.848840  ...  -62.848840  -62.848840      -inf
T 7      -inf  -64.126868  -64.126868  ...  -64.126868  -64.126868      -inf
T 8      -inf  -41.637723  -41.637723  ...  -41.637723  -41.637723      -inf
T 9      -inf  -71.792627  -71.792627  ...  -71.792627  -71.792627      -inf
T 10     -inf  -87.817928  -87.817928  ...  -87.817928  -87.817928      -inf
T 11     -inf  -92.512529  -92.512529  ...  -92.512529  -92.512529      -inf
T 12     -inf  -95.685708  -95.685708  ...  -95.685708  -95.685708      -inf
T 13     -inf -147.665691 -147.665691  ... -147.665691 -147.665691      -inf
T 14     -inf -161.027497 -161.027497  ... -161.027497 -161.027497      -inf
T 15     -inf -159.590043 -159.590043  ... -159.590043 -159.590043      -inf
T 16     -inf -156.548695 -156.548695  ... -156.548695 -156.548695      -inf
T 17     -inf -154.721287 -154.721287  ... -154.721287 -154.721287      -inf
T 18     -inf -154.792315 -154.792315  ... -154.792315 -154.792315      -inf
T 19     -inf -164.340076 -164.340076  ... -164.340076 -164.340076      -inf
T 20     -inf -170.713414 -170.713414  ... -170.713414 -170.713414      -inf
T 21     -inf -160.266799 -160.266799  ... -160.266799 -160.266799      -inf
T 22     -inf -168.409910 -168.409910  ... -168.409910 -168.409910      -inf
T 23     -inf -179.273819 -179.273819  ... -179.273819 -179.273819      -inf
T 24     -inf -192.490538 -192.490538  ... -192.490538 -192.490538      -inf
T 25     -inf -196.707260 -196.707260  ... -196.707260 -196.707260      -inf
T 26     -inf -191.177063 -191.177063  ... -191.177063 -191.177063      -inf
T 27     -inf -206.732173 -206.732173  ... -206.732173 -206.732173      -inf
T 28     -inf -203.702589 -203.702589  ... -203.702589 -203.702589      -inf
T 29     -inf -200.293770 -200.293770  ... -200.293770 -200.293770      -inf
T 30     -inf -177.518944 -177.518944  ... -177.518944 -177.518944      -inf
T 31     -inf -141.293271 -141.293271  ... -141.293271 -141.293271      -inf
T 32     -inf -114.957931 -114.957931  ... -114.957931 -114.957931      -inf
T 33     -inf  -89.634657  -89.634657  ...  -89.634657  -89.634657      -inf
T 34     -inf  -55.263542  -55.263542  ...  -55.263542  -55.263542      -inf
T 35     -inf  -63.415939  -63.415939  ...  -63.415939  -63.415939      -inf
T 36     -inf  -68.680085  -68.680085  ...  -68.680085  -68.680085      -inf
T 37     -inf  -46.592594  -46.592594  ...  -46.592594  -46.592594      -inf
T 38     -inf  -57.587096  -57.587096  ...  -57.587096  -57.587096      -inf
T 39     -inf  -49.774339  -49.774339  ...  -49.774339  -49.774339      -inf
T 40     -inf  -53.855644  -53.855644  ...  -53.855644  -53.855644      -inf
T 41     -inf  -25.702370  -25.702370  ...  -25.702370  -25.702370      -inf
T 42     -inf  -76.568170  -76.568170  ...  -76.568170  -76.568170      -inf
T 43     -inf  -62.848840  -62.848840  ...  -62.848840  -62.848840      -inf
T 44     -inf  -62.848840  -62.848840  ...  -62.848840  -62.848840      -inf
T 45     -inf  -62.848840  -62.848840  ...  -62.848840  -62.848840      -inf
T 46     -inf  -62.848840  -62.848840  ...  -62.848840  -62.848840      -inf
T 47     -inf  -62.848840  -62.848840  ...  -62.848840  -62.848840      -inf

[47 rows x 10 columns]
PASSED
tests/test_foward_backward.py::test_fb_probabilities_basic 
Forward Probabilities (Alpha):

Alpha Matrix:
      State 0      State 1      State 2  ...      State 7      State 8      State 9
T 0       0.0   -62.848840         -inf  ...         -inf         -inf         -inf
T 1      -inf   -62.848840  -127.525312  ...         -inf         -inf         -inf
T 2      -inf  -125.872978  -127.525312  ...         -inf         -inf         -inf
T 3      -inf  -188.897117  -189.856304  ...         -inf         -inf         -inf
T 4      -inf  -251.921256  -252.474977  ...         -inf         -inf         -inf
T 5      -inf  -314.945394  -315.211434  ...         -inf         -inf         -inf
T 6      -inf  -379.247561  -379.290457  ...  -452.185702         -inf         -inf
T 7      -inf  -421.060582  -420.921157  ...  -430.974585  -495.651058         -inf
T 8      -inf  -493.028508  -492.734932  ...  -500.996601  -504.594845  -497.478690
T 9      -inf  -581.021735  -580.594627  ...  -587.603533  -590.508630  -506.422478
T 10     -inf  -673.709563  -673.164672  ...  -679.192749  -681.692381  -592.336263
T 11     -inf  -769.570570  -768.920319  ...  -774.137466  -776.349415  -683.520014
T 12     -inf  -917.411561  -916.665999  ...  -921.189999  -923.178805  -778.177048
T 13     -inf -1078.614357 -1077.781784  ... -1081.699648 -1083.506132  -925.006437
T 14     -inf -1238.379699 -1237.467083  ... -1240.845951 -1242.498284 -1085.333765
T 15     -inf -1395.103693 -1394.116970  ... -1397.010329 -1398.529131 -1244.325917
T 16     -inf -1550.000279 -1548.944562  ... -1551.396089 -1552.797108 -1400.356764
T 17     -inf -1704.967892 -1703.847637  ... -1705.893699 -1707.189357 -1554.624741
T 18     -inf -1869.483267 -1868.302388  ... -1869.973756 -1871.174104 -1709.016990
T 19     -inf -2040.371980 -2039.133942  ... -2040.457004 -2041.570341 -1873.001737
T 20     -inf -2200.814078 -2199.521973  ... -2200.519612 -2201.552907 -2043.397974
T 21     -inf -2369.399287 -2368.055888  ... -2368.748146 -2369.707332 -2203.380539
T 22     -inf -2548.848405 -2547.456216  ... -2547.860791 -2548.750985 -2371.534965
T 23     -inf -2741.514242 -2740.075533  ... -2740.208175 -2741.033830 -2550.578618
T 24     -inf -2938.396800 -2936.913640  ... -2936.788453 -2937.553483 -2742.861463
T 25     -inf -3129.749163 -3128.223443  ... -3127.853133 -3128.561005 -2939.381116
T 26     -inf -3336.656634 -3335.090092  ... -3334.486167 -3335.139972 -3130.388637
T 27     -inf -3540.534522 -3538.928759  ... -3538.101691 -3538.704202 -3336.967605
T 28     -inf -3741.003590 -3739.360087  ... -3738.319444 -3738.873166 -3540.531835
T 29     -inf -3918.697833 -3917.017962  ... -3915.772526 -3916.279727 -3740.700799
T 30     -inf -4060.166403 -4058.451441  ... -4057.009293 -4057.472043 -3918.107360
T 31     -inf -4175.299632 -4173.550769  ... -4171.919379 -4172.339570 -4059.299676
T 32     -inf -4265.109588 -4263.327934  ... -4261.514224 -4261.893592 -4174.167202
T 33     -inf -4320.548428 -4318.735026  ... -4316.745425 -4317.085572 -4263.721224
T 34     -inf -4384.139666 -4382.295492  ... -4380.135992 -4380.438399 -4318.913205
T 35     -inf -4452.995050 -4451.121024  ... -4448.797220 -4449.063260 -4382.266032
T 36     -inf -4499.762944 -4497.859929  ... -4495.377061 -4495.608009 -4450.890892
T 37     -inf -4557.525339 -4555.594154  ... -4552.957135 -4553.154181 -4497.435642
T 38     -inf -4607.474976 -4605.516392  ... -4602.729842 -4602.894098 -4554.981814
T 39     -inf -4661.505919 -4659.520667  ... -4656.588934 -4656.721442 -4604.721731
T 40     -inf -4687.383588 -4685.372360  ... -4682.299549 -4682.401285 -4658.549075
T 41     -inf -4764.127056 -4762.090511  ... -4758.880498 -4758.952382 -4684.228918
T 42     -inf -4827.151195 -4825.089957  ... -4821.746413 -4821.789309 -4760.780015
T 43     -inf -4890.175334 -4888.089998  ... -4884.616401 -4884.631126 -4823.616942
T 44     -inf -4953.199472 -4951.090606  ... -4947.490258 -4947.477584 -4886.458759
T 45     -inf -5016.223611 -5014.091755  ... -5010.367793 -5010.328450 -4949.305216
T 46     -inf -5079.247750 -5077.093421  ... -5073.248830 -5073.183513 -5012.156083

[47 rows x 10 columns]

Backward Probabilities (Beta):

Beta Matrix:
          State 0      State 1      State 2  ...      State 7      State 8  State 9
T 0  -5012.156083 -5012.162306 -5012.227623  ... -5016.072214 -5018.226542     -inf
T 1  -4949.305216 -4949.307243 -4949.346585  ... -4953.070548 -4955.202404     -inf
T 2  -4886.458759 -4886.456376 -4886.469050  ... -4890.069399 -4892.178265     -inf
T 3  -4823.616942 -4823.609919 -4823.595194  ... -4827.068791 -4829.154127     -inf
T 4  -4760.780015 -4760.768102 -4760.725206  ... -4764.068750 -4766.129988     -inf
T 5  -4697.948248 -4697.931175 -4697.859291  ... -4701.069304 -4703.105849     -inf
T 6  -4633.843907 -4633.821380 -4633.719644  ... -4636.792455 -4638.803683     -inf
T 7  -4592.234485 -4592.206184 -4592.073676  ... -4595.005409 -4596.990661     -inf
T 8  -4520.476279 -4520.441857 -4520.277601  ... -4523.064151 -4525.022735     -inf
T 9  -4432.699276 -4432.658351 -4432.461305  ... -4435.098324 -4437.029509     -inf
T 10 -4340.234591 -4340.186746 -4339.955798  ... -4342.438666 -4344.341681     -inf
T 11 -4244.604107 -4244.548883 -4244.282843  ... -4246.606647 -4248.480673     -inf
T 12 -4097.001528 -4096.938416 -4096.636009  ... -4098.795509 -4100.639683     -inf
T 13 -3936.045592 -3935.974031 -3935.633883  ... -3937.623485 -3939.436887     -inf
T 14 -3776.536183 -3776.455549 -3776.076181  ... -3777.889891 -3779.671545     -inf
T 15 -3620.077892 -3619.987488 -3619.567298  ... -3621.198687 -3622.947551     -inf
T 16 -3465.457560 -3465.356606 -3464.893856  ... -3466.336003 -3468.050965     -inf
T 17 -3310.777629 -3310.665246 -3310.158044  ... -3311.403481 -3313.083352     -inf
T 18 -3146.562358 -3146.437552 -3145.883831  ... -3146.924473 -3148.567976     -inf
T 19 -2975.987303 -2975.848944 -2975.246432  ... -2976.073501 -2977.679263     -inf
T 20 -2815.873709 -2815.720504 -2815.066699  ... -2815.670623 -2817.237165     -inf
T 21 -2647.633341 -2647.463799 -2646.755927  ... -2647.126237 -2648.651957     -inf
T 22 -2468.547128 -2468.359522 -2467.594491  ... -2467.719679 -2469.202839     -inf
T 23 -2276.264284 -2276.056590 -2275.230935  ... -2275.098293 -2276.537002     -inf
T 24 -2079.787190 -2079.557024 -2078.666830  ... -2078.262255 -2079.654443     -inf
T 25 -1888.865611 -1888.610127 -1887.650940  ... -1886.958683 -1888.302081     -inf
T 26 -1682.417671 -1682.133438 -1681.100143  ... -1680.102504 -1681.394609     -inf
T 27 -1479.032260 -1478.715083 -1477.601745  ... -1476.278684 -1477.516722     -inf
T 28 -1279.093820 -1278.738491 -1277.538142  ... -1275.866774 -1277.047654     -inf
T 29 -1101.974941 -1101.574876 -1100.279217  ... -1098.233156 -1099.353410     -inf
T 30  -961.134981  -960.681671  -959.280651  ...  -956.829125  -957.884841     -inf
T 31  -846.694898  -846.177050  -844.658247  ...  -841.764888  -842.751611     -inf
T 32  -757.658132  -757.060241  -755.407908  ...  -752.029040  -752.941656     -inf
T 33  -703.094761  -702.394591  -700.588106  ...  -696.670243  -697.502816     -inf
T 34  -640.515124  -639.678822  -637.690016  ...  -633.166016  -633.911577     -inf
T 35  -572.863712  -571.835038  -569.623089  ...  -564.405942  -565.056193     -inf
T 36  -527.599897  -526.271118  -523.771486  ...  -517.743409  -518.288300     -inf
T 37  -471.916943  -470.012800  -467.107703  ...  -460.098797  -460.525905     -inf
T 38         -inf  -422.142604  -418.544360  ...  -410.282691  -410.576267     -inf
T 39         -inf         -inf  -366.459328  ...  -356.405899  -356.545325     -inf
T 40         -inf         -inf         -inf  ...  -330.710552  -330.667656     -inf
T 41         -inf         -inf         -inf  ...  -254.190227  -253.924187     -inf
T 42         -inf         -inf         -inf  ...  -191.453770  -190.900049     -inf
T 43         -inf         -inf         -inf  ...  -128.835097  -127.875910     -inf
T 44         -inf         -inf         -inf  ...   -66.504105   -64.851771     -inf
T 45         -inf         -inf         -inf  ...         -inf    -1.827633     -inf
T 46         -inf         -inf         -inf  ...         -inf         -inf      0.0

[47 rows x 10 columns]

Forward-Backward sums at each timestep:
t=0: -5012.156083116311
t=1: -5012.156083116311
t=2: -5012.156083116311
t=3: -5012.15608311631
t=4: -5012.156083116311
t=5: -5012.156083116311
t=6: -5012.156083116308
t=7: -5012.156083116311
t=8: -5012.156083116311
t=9: -5012.156083116308
t=10: -5012.15608311631
t=11: -5012.15608311631
t=12: -5012.156083116311
t=13: -5012.156083116309
t=14: -5012.156083116309
t=15: -5012.15608311631
t=16: -5012.15608311631
t=17: -5012.15608311631
t=18: -5012.15608311631
t=19: -5012.156083116309
t=20: -5012.156083116309
t=21: -5012.156083116309
t=22: -5012.156083116309
t=23: -5012.156083116309
t=24: -5012.15608311631
t=25: -5012.156083116311
t=26: -5012.156083116311
t=27: -5012.156083116311
t=28: -5012.1560831163115
t=29: -5012.1560831163115
t=30: -5012.156083116311
t=31: -5012.1560831163115
t=32: -5012.1560831163115
t=33: -5012.156083116311
t=34: -5012.156083116311
t=35: -5012.156083116311
t=36: -5012.1560831163115
t=37: -5012.1560831163115
t=38: -5012.1560831163115
t=39: -5012.156083116312
t=40: -5012.156083116312
t=41: -5012.1560831163115
t=42: -5012.156083116313
t=43: -5012.156083116313
t=44: -5012.156083116313
t=45: -5012.156083116313
t=46: -5012.156083116313

Sample log probabilities at t=0:
Alpha[0,0] (entry state): 0.0
Alpha[0,1] (first real state): -62.84883983427769
Beta[0,1] (first real state): -5012.162305591048
PASSED
tests/test_foward_backward.py::test_fb_probabilities_advanced 
At timestep 23
Posterior probabilities: [0.00445046 0.04283564 0.15874384 0.29397007 0.29397007 0.15874384
 0.04283564 0.00445046]
Gamma probabilities: [0.00445046 0.04283564 0.15874384 0.29397007 0.29397007 0.15874384
 0.04283564 0.00445046]
PASSED
tests/test_initialization.py::test_hmm_shapes 
Transition Matrix:
        To 0      To 1      To 2  ...      To 7      To 8      To 9
From 0   0.0  1.000000  0.000000  ...  0.000000  0.000000  0.000000
From 1   0.0  0.839206  0.160794  ...  0.000000  0.000000  0.000000
From 2   0.0  0.000000  0.839206  ...  0.000000  0.000000  0.000000
From 3   0.0  0.000000  0.000000  ...  0.000000  0.000000  0.000000
From 4   0.0  0.000000  0.000000  ...  0.000000  0.000000  0.000000
From 5   0.0  0.000000  0.000000  ...  0.000000  0.000000  0.000000
From 6   0.0  0.000000  0.000000  ...  0.160794  0.000000  0.000000
From 7   0.0  0.000000  0.000000  ...  0.839206  0.160794  0.000000
From 8   0.0  0.000000  0.000000  ...  0.000000  0.839206  0.160794
From 9   0.0  0.000000  0.000000  ...  0.000000  0.000000  1.000000

[10 rows x 10 columns]
PASSED
tests/test_initialization.py::test_covariance_initialization PASSED
tests/test_initialization.py::test_state_initialization PASSED
tests/test_initialization.py::test_initial_probabilities PASSED
tests/test_initialization.py::test_covariance_initialization_debug 
Global Covariance Matrix:
           MFCC_1   MFCC_2   MFCC_3   MFCC_4  MFCC_5  MFCC_6  MFCC_7  MFCC_8  MFCC_9  MFCC_10  MFCC_11  MFCC_12  MFCC_13
MFCC_1   27861.58     0.00    -0.00     0.00   -0.00    0.00   -0.00   -0.00   -0.00    -0.00    -0.00    -0.00     0.00
MFCC_2       0.00  4428.24    -0.00     0.00   -0.00   -0.00    0.00   -0.00   -0.00    -0.00    -0.00    -0.00    -0.00
MFCC_3      -0.00    -0.00  1204.46    -0.00    0.00   -0.00    0.00    0.00    0.00    -0.00    -0.00     0.00    -0.00
MFCC_4       0.00     0.00    -0.00  1009.87    0.00    0.00   -0.00    0.00   -0.00    -0.00    -0.00    -0.00     0.00
MFCC_5      -0.00    -0.00     0.00     0.00  645.36   -0.00    0.00   -0.00    0.00     0.00    -0.00     0.00    -0.00
MFCC_6       0.00    -0.00    -0.00     0.00   -0.00  412.71   -0.00    0.00    0.00    -0.00     0.00    -0.00     0.00
MFCC_7      -0.00     0.00     0.00    -0.00    0.00   -0.00  239.74   -0.00   -0.00     0.00    -0.00     0.00    -0.00
MFCC_8      -0.00    -0.00     0.00     0.00   -0.00    0.00   -0.00  162.52    0.00    -0.00     0.00    -0.00     0.00
MFCC_9      -0.00    -0.00     0.00    -0.00    0.00    0.00   -0.00    0.00  184.36     0.00     0.00     0.00     0.00
MFCC_10     -0.00    -0.00    -0.00    -0.00    0.00   -0.00    0.00   -0.00    0.00   125.25     0.00    -0.00     0.00
MFCC_11     -0.00    -0.00    -0.00    -0.00   -0.00    0.00   -0.00    0.00    0.00     0.00   108.62     0.00     0.00
MFCC_12     -0.00    -0.00     0.00    -0.00    0.00   -0.00    0.00   -0.00    0.00    -0.00     0.00   108.56     0.00
MFCC_13      0.00    -0.00    -0.00     0.00   -0.00    0.00   -0.00    0.00    0.00     0.00     0.00     0.00    87.97

First State Covariance Matrix:
           MFCC_1   MFCC_2   MFCC_3   MFCC_4  MFCC_5  MFCC_6  MFCC_7  MFCC_8  MFCC_9  MFCC_10  MFCC_11  MFCC_12  MFCC_13
MFCC_1   27861.58     0.00    -0.00     0.00   -0.00    0.00   -0.00   -0.00   -0.00    -0.00    -0.00    -0.00     0.00
MFCC_2       0.00  4428.24    -0.00     0.00   -0.00   -0.00    0.00   -0.00   -0.00    -0.00    -0.00    -0.00    -0.00
MFCC_3      -0.00    -0.00  1204.46    -0.00    0.00   -0.00    0.00    0.00    0.00    -0.00    -0.00     0.00    -0.00
MFCC_4       0.00     0.00    -0.00  1009.87    0.00    0.00   -0.00    0.00   -0.00    -0.00    -0.00    -0.00     0.00
MFCC_5      -0.00    -0.00     0.00     0.00  645.36   -0.00    0.00   -0.00    0.00     0.00    -0.00     0.00    -0.00
MFCC_6       0.00    -0.00    -0.00     0.00   -0.00  412.71   -0.00    0.00    0.00    -0.00     0.00    -0.00     0.00
MFCC_7      -0.00     0.00     0.00    -0.00    0.00   -0.00  239.74   -0.00   -0.00     0.00    -0.00     0.00    -0.00
MFCC_8      -0.00    -0.00     0.00     0.00   -0.00    0.00   -0.00  162.52    0.00    -0.00     0.00    -0.00     0.00
MFCC_9      -0.00    -0.00     0.00    -0.00    0.00    0.00   -0.00    0.00  184.36     0.00     0.00     0.00     0.00
MFCC_10     -0.00    -0.00    -0.00    -0.00    0.00   -0.00    0.00   -0.00    0.00   125.25     0.00    -0.00     0.00
MFCC_11     -0.00    -0.00    -0.00    -0.00   -0.00    0.00   -0.00    0.00    0.00     0.00   108.62     0.00     0.00
MFCC_12     -0.00    -0.00     0.00    -0.00    0.00   -0.00    0.00   -0.00    0.00    -0.00     0.00   108.56     0.00
MFCC_13      0.00    -0.00    -0.00     0.00   -0.00    0.00   -0.00    0.00    0.00     0.00     0.00     0.00    87.97

Diagonal Elements Statistics:
Min variance: 8.80e+01
Max variance: 2.79e+04
Mean variance: 2.81e+03
Variance floor: 2.81e+00

Sum of absolute off-diagonal elements: 0.00e+00
PASSED
tests/test_mfcc_extract.py::test_extract_mfcc PASSED
tests/test_mfcc_extract.py::test_save_and_load_mfcc PASSED
tests/test_training.py::test_gamma_properties 
Gamma probabilities for first 5 time steps:
     State_0  State_1  State_2  State_3  State_4  State_5  State_6  State_7  State_8  State_9
t=0   1.0000   0.0000   0.0000   0.0000   0.0000   0.0000   0.0000   0.0000   0.0000   0.0000
t=1   0.0000   1.0000   0.0000   0.0000   0.0000   0.0000   0.0000   0.0000   0.0000   0.0000
t=2   0.0000   0.8409   0.1591   0.0000   0.0000   0.0000   0.0000   0.0000   0.0000   0.0000
t=3   0.0000   0.7040   0.2738   0.0222   0.0000   0.0000   0.0000   0.0000   0.0000   0.0000
t=4   0.0000   0.5867   0.3520   0.0587   0.0026   0.0000   0.0000   0.0000   0.0000   0.0000

Sum of probabilities at each time step (should be close to 1):
t=0: 1.000000
t=1: 1.000000
t=2: 1.000000
t=3: 1.000000
t=4: 1.000000

First time step probabilities:
[1.00000000e+00 5.03956765e-28 0.00000000e+00 0.00000000e+00
 0.00000000e+00 0.00000000e+00 0.00000000e+00 0.00000000e+00
 0.00000000e+00 0.00000000e+00]

Active states (prob > 0.01) at different time points:
t=0: states [0] active
t=11: states [1 2 3 4 5] active
t=23: states [2 3 4 5 6 7] active
t=35: states [4 5 6 7 8] active
t=46: states [9] active
PASSED
tests/test_training.py::test_xi_debug 
Xi calculation components for t=1, state 1->1:
alpha[t,i]: -62.84883983427769
beta[t+1,j]: -4886.456376364248
A[i,j]: 0.8392062244694939
emission[t+1,j]: -62.84883983427769
log_likelihood: -5012.156083116313

Calculated xi value: 0.8409090909118178
Actual xi value from method: 0.8409090909091734

Xi values at t=1 for possible transitions:
         To_0   To_1   To_2   To_3   To_4   To_5   To_6   To_7   To_8   To_9
From_0 0.0000 0.0000 0.0000 0.0000 0.0000 0.0000 0.0000 0.0000 0.0000 0.0000
From_1 0.0000 0.8409 0.1591 0.0000 0.0000 0.0000 0.0000 0.0000 0.0000 0.0000
From_2 0.0000 0.0000 0.0000 0.0000 0.0000 0.0000 0.0000 0.0000 0.0000 0.0000
From_3 0.0000 0.0000 0.0000 0.0000 0.0000 0.0000 0.0000 0.0000 0.0000 0.0000
From_4 0.0000 0.0000 0.0000 0.0000 0.0000 0.0000 0.0000 0.0000 0.0000 0.0000
From_5 0.0000 0.0000 0.0000 0.0000 0.0000 0.0000 0.0000 0.0000 0.0000 0.0000
From_6 0.0000 0.0000 0.0000 0.0000 0.0000 0.0000 0.0000 0.0000 0.0000 0.0000
From_7 0.0000 0.0000 0.0000 0.0000 0.0000 0.0000 0.0000 0.0000 0.0000 0.0000
From_8 0.0000 0.0000 0.0000 0.0000 0.0000 0.0000 0.0000 0.0000 0.0000 0.0000
From_9 0.0000 0.0000 0.0000 0.0000 0.0000 0.0000 0.0000 0.0000 0.0000 0.0000
PASSED
tests/test_training.py::test_gamma_xi_probabilities 
Gamma Matrix:

Gamma Matrix:
      State 0  State 1  State 2  State 3  State 4  State 5  State 6  State 7  State 8  State 9
T 0    1.0000   0.0000   0.0000   0.0000   0.0000   0.0000   0.0000   0.0000   0.0000   0.0000
T 1    0.0000   1.0000   0.0000   0.0000   0.0000   0.0000   0.0000   0.0000   0.0000   0.0000
T 2    0.0000   0.8409   0.1591   0.0000   0.0000   0.0000   0.0000   0.0000   0.0000   0.0000
T 3    0.0000   0.7040   0.2738   0.0222   0.0000   0.0000   0.0000   0.0000   0.0000   0.0000
T 4    0.0000   0.5867   0.3520   0.0587   0.0026   0.0000   0.0000   0.0000   0.0000   0.0000
T 5    0.0000   0.4865   0.4007   0.1030   0.0095   0.0003   0.0000   0.0000   0.0000   0.0000
T 6    0.0000   0.4014   0.4257   0.1502   0.0215   0.0012   0.0000   0.0000   0.0000   0.0000
T 7    0.0000   0.3293   0.4323   0.1965   0.0385   0.0033   0.0001   0.0000   0.0000   0.0000
T 8    0.0000   0.2687   0.4247   0.2389   0.0603   0.0071   0.0004   0.0000   0.0000   0.0000
T 9    0.0000   0.2178   0.4066   0.2755   0.0861   0.0130   0.0009   0.0000   0.0000   0.0000
T 10   0.0000   0.1755   0.3812   0.3050   0.1148   0.0215   0.0020   0.0001   0.0000   0.0000
T 11   0.0000   0.1404   0.3510   0.3268   0.1452   0.0328   0.0037   0.0002   0.0000   0.0000
T 12   0.0000   0.1115   0.3179   0.3406   0.1762   0.0470   0.0064   0.0004   0.0000   0.0000
T 13   0.0000   0.0878   0.2838   0.3468   0.2064   0.0641   0.0103   0.0008   0.0000   0.0000
T 14   0.0000   0.0686   0.2498   0.3458   0.2348   0.0839   0.0156   0.0014   0.0000   0.0000
T 15   0.0000   0.0531   0.2169   0.3384   0.2603   0.1061   0.0227   0.0024   0.0001   0.0000
T 16   0.0000   0.0407   0.1859   0.3254   0.2820   0.1302   0.0318   0.0038   0.0002   0.0000
T 17   0.0000   0.0309   0.1573   0.3078   0.2992   0.1556   0.0431   0.0059   0.0003   0.0000
T 18   0.0000   0.0232   0.1313   0.2865   0.3114   0.1817   0.0567   0.0087   0.0005   0.0000
T 19   0.0000   0.0172   0.1081   0.2626   0.3183   0.2076   0.0727   0.0126   0.0008   0.0000
T 20   0.0000   0.0125   0.0878   0.2371   0.3199   0.2326   0.0910   0.0177   0.0013   0.0000
T 21   0.0000   0.0090   0.0702   0.2107   0.3161   0.2559   0.1117   0.0243   0.0020   0.0000
T 22   0.0000   0.0064   0.0553   0.1844   0.3073   0.2766   0.1343   0.0326   0.0030   0.0000
T 23   0.0000   0.0045   0.0428   0.1587   0.2940   0.2940   0.1587   0.0428   0.0045   0.0000
T 24   0.0000   0.0030   0.0326   0.1343   0.2766   0.3073   0.1844   0.0553   0.0064   0.0000
T 25   0.0000   0.0020   0.0243   0.1117   0.2559   0.3161   0.2107   0.0702   0.0090   0.0000
T 26   0.0000   0.0013   0.0177   0.0910   0.2326   0.3199   0.2371   0.0878   0.0125   0.0000
T 27   0.0000   0.0008   0.0126   0.0727   0.2076   0.3183   0.2626   0.1081   0.0172   0.0000
T 28   0.0000   0.0005   0.0087   0.0567   0.1817   0.3114   0.2865   0.1313   0.0232   0.0000
T 29   0.0000   0.0003   0.0059   0.0431   0.1556   0.2992   0.3078   0.1573   0.0309   0.0000
T 30   0.0000   0.0002   0.0038   0.0318   0.1302   0.2820   0.3254   0.1859   0.0407   0.0000
T 31   0.0000   0.0001   0.0024   0.0227   0.1061   0.2603   0.3384   0.2169   0.0531   0.0000
T 32   0.0000   0.0000   0.0014   0.0156   0.0839   0.2348   0.3458   0.2498   0.0686   0.0000
T 33   0.0000   0.0000   0.0008   0.0103   0.0641   0.2064   0.3468   0.2838   0.0878   0.0000
T 34   0.0000   0.0000   0.0004   0.0064   0.0470   0.1762   0.3406   0.3179   0.1115   0.0000
T 35   0.0000   0.0000   0.0002   0.0037   0.0328   0.1452   0.3268   0.3510   0.1404   0.0000
T 36   0.0000   0.0000   0.0001   0.0020   0.0215   0.1148   0.3050   0.3812   0.1755   0.0000
T 37   0.0000   0.0000   0.0000   0.0009   0.0130   0.0861   0.2755   0.4066   0.2178   0.0000
T 38   0.0000   0.0000   0.0000   0.0004   0.0071   0.0603   0.2389   0.4247   0.2687   0.0000
T 39   0.0000   0.0000   0.0000   0.0001   0.0033   0.0385   0.1965   0.4323   0.3293   0.0000
T 40   0.0000   0.0000   0.0000   0.0000   0.0012   0.0215   0.1502   0.4257   0.4014   0.0000
T 41   0.0000   0.0000   0.0000   0.0000   0.0003   0.0095   0.1030   0.4007   0.4865   0.0000
T 42   0.0000   0.0000   0.0000   0.0000   0.0000   0.0026   0.0587   0.3520   0.5867   0.0000
T 43   0.0000   0.0000   0.0000   0.0000   0.0000   0.0000   0.0222   0.2738   0.7040   0.0000
T 44   0.0000   0.0000   0.0000   0.0000   0.0000   0.0000   0.0000   0.1591   0.8409   0.0000
T 45   0.0000   0.0000   0.0000   0.0000   0.0000   0.0000   0.0000   0.0000   1.0000   0.0000
T 46   0.0000   0.0000   0.0000   0.0000   0.0000   0.0000   0.0000   0.0000   0.0000   1.0000

Xi Matrix for t=10 (transitions from time step 10):

Xi Matrix t=10:
              To State 0  To State 1  To State 2  To State 3  To State 4  To State 5  To State 6  To State 7  To State 8  To State 9
From State 0      0.0000      0.0000      0.0000      0.0000      0.0000      0.0000      0.0000      0.0000      0.0000      0.0000
From State 1      0.0000      0.1404      0.0351      0.0000      0.0000      0.0000      0.0000      0.0000      0.0000      0.0000
From State 2      0.0000      0.0000      0.3159      0.0654      0.0000      0.0000      0.0000      0.0000      0.0000      0.0000
From State 3      0.0000      0.0000      0.0000      0.2614      0.0436      0.0000      0.0000      0.0000      0.0000      0.0000
From State 4      0.0000      0.0000      0.0000      0.0000      0.1017      0.0131      0.0000      0.0000      0.0000      0.0000
From State 5      0.0000      0.0000      0.0000      0.0000      0.0000      0.0197      0.0018      0.0000      0.0000      0.0000
From State 6      0.0000      0.0000      0.0000      0.0000      0.0000      0.0000      0.0018      0.0001      0.0000      0.0000
From State 7      0.0000      0.0000      0.0000      0.0000      0.0000      0.0000      0.0000      0.0001      0.0000      0.0000
From State 8      0.0000      0.0000      0.0000      0.0000      0.0000      0.0000      0.0000      0.0000      0.0000      0.0000
From State 9      0.0000      0.0000      0.0000      0.0000      0.0000      0.0000      0.0000      0.0000      0.0000      0.0000
PASSED
tests/test_training.py::test_update_transitions 
Diagnostic Information:
Aggregated gamma shape: (10,)
Aggregated xi shape: (10, 10)

Aggregated gamma sums per state:
State 0: 28.280592
State 1: 202.839926
State 2: 202.839926
State 3: 202.839926
State 4: 202.839926
State 5: 202.839926
State 6: 202.839926
State 7: 202.839926
State 8: 202.839926
State 9: 0.000000

Xi transition sums for first real state (state 1):
Sum of transitions from state 1: 202.839926
Self-loop (1->1): 172.839926
Forward (1->2): 30.000000

Initial A matrix:

Initial Transition Matrix:
           T 0    T 1    T 2    T 3    T 4    T 5    T 6    T 7    T 8    T 9
State 0 0.0000 1.0000 0.0000 0.0000 0.0000 0.0000 0.0000 0.0000 0.0000 0.0000
State 1 0.0000 0.8392 0.1608 0.0000 0.0000 0.0000 0.0000 0.0000 0.0000 0.0000
State 2 0.0000 0.0000 0.8392 0.1608 0.0000 0.0000 0.0000 0.0000 0.0000 0.0000
State 3 0.0000 0.0000 0.0000 0.8392 0.1608 0.0000 0.0000 0.0000 0.0000 0.0000
State 4 0.0000 0.0000 0.0000 0.0000 0.8392 0.1608 0.0000 0.0000 0.0000 0.0000
State 5 0.0000 0.0000 0.0000 0.0000 0.0000 0.8392 0.1608 0.0000 0.0000 0.0000
State 6 0.0000 0.0000 0.0000 0.0000 0.0000 0.0000 0.8392 0.1608 0.0000 0.0000
State 7 0.0000 0.0000 0.0000 0.0000 0.0000 0.0000 0.0000 0.8392 0.1608 0.0000
State 8 0.0000 0.0000 0.0000 0.0000 0.0000 0.0000 0.0000 0.0000 0.8392 0.1608
State 9 0.0000 0.0000 0.0000 0.0000 0.0000 0.0000 0.0000 0.0000 0.0000 1.0000

Updated A matrix:

Updated Transition Matrix:
           T 0    T 1    T 2    T 3    T 4    T 5    T 6    T 7    T 8    T 9
State 0 0.0000 1.0000 0.0000 0.0000 0.0000 0.0000 0.0000 0.0000 0.0000 0.0000
State 1 0.0000 0.8521 0.1479 0.0000 0.0000 0.0000 0.0000 0.0000 0.0000 0.0000
State 2 0.0000 0.0000 0.8521 0.1479 0.0000 0.0000 0.0000 0.0000 0.0000 0.0000
State 3 0.0000 0.0000 0.0000 0.8521 0.1479 0.0000 0.0000 0.0000 0.0000 0.0000
State 4 0.0000 0.0000 0.0000 0.0000 0.8521 0.1479 0.0000 0.0000 0.0000 0.0000
State 5 0.0000 0.0000 0.0000 0.0000 0.0000 0.8521 0.1479 0.0000 0.0000 0.0000
State 6 0.0000 0.0000 0.0000 0.0000 0.0000 0.0000 0.8521 0.1479 0.0000 0.0000
State 7 0.0000 0.0000 0.0000 0.0000 0.0000 0.0000 0.0000 0.8521 0.1479 0.0000
State 8 0.0000 0.0000 0.0000 0.0000 0.0000 0.0000 0.0000 0.0000 0.8521 0.1479
State 9 0.0000 0.0000 0.0000 0.0000 0.0000 0.0000 0.0000 0.0000 0.0000 1.0000

Row sums of updated transition matrix:
State 0: 1.0000000000
State 1: 1.0000000000
State 2: 1.0000000000
State 3: 1.0000000000
State 4: 1.0000000000
State 5: 1.0000000000
State 6: 1.0000000000
State 7: 1.0000000000
State 8: 1.0000000000
State 9: 1.0000000000

State 1 transitions:
Self-loop (a_11): 0.852100
Forward (a_12): 0.147900
Row sum: 1.0000000000

State 2 transitions:
Self-loop (a_22): 0.852100
Forward (a_23): 0.147900
Row sum: 1.0000000000

State 3 transitions:
Self-loop (a_33): 0.852100
Forward (a_34): 0.147900
Row sum: 1.0000000000

State 4 transitions:
Self-loop (a_44): 0.852100
Forward (a_45): 0.147900
Row sum: 1.0000000000

State 5 transitions:
Self-loop (a_55): 0.852100
Forward (a_56): 0.147900
Row sum: 1.0000000000

State 6 transitions:
Self-loop (a_66): 0.852100
Forward (a_67): 0.147900
Row sum: 1.0000000000

State 7 transitions:
Self-loop (a_77): 0.852100
Forward (a_78): 0.147900
Row sum: 1.0000000000

State 8 transitions:
Self-loop (a_88): 0.852100
Row sum: 1.0000000000
PASSED
tests/test_training.py::test_update_emissions 
Initial Means:
           MFCC 0   MFCC 1   MFCC 2  MFCC 3   MFCC 4  MFCC 5  MFCC 6  MFCC 7  MFCC 8  MFCC 9  MFCC 10  MFCC 11  MFCC 12
State 0 -338.0058 102.3148 -16.4172 33.0500 -14.2087  6.6654 -6.5186 -0.1221 -8.3086 -2.2195  -0.6454  -8.4113   1.7319
State 1 -338.0058 102.3148 -16.4172 33.0500 -14.2087  6.6654 -6.5186 -0.1221 -8.3086 -2.2195  -0.6454  -8.4113   1.7319
State 2 -338.0058 102.3148 -16.4172 33.0500 -14.2087  6.6654 -6.5186 -0.1221 -8.3086 -2.2195  -0.6454  -8.4113   1.7319
State 3 -338.0058 102.3148 -16.4172 33.0500 -14.2087  6.6654 -6.5186 -0.1221 -8.3086 -2.2195  -0.6454  -8.4113   1.7319
State 4 -338.0058 102.3148 -16.4172 33.0500 -14.2087  6.6654 -6.5186 -0.1221 -8.3086 -2.2195  -0.6454  -8.4113   1.7319
State 5 -338.0058 102.3148 -16.4172 33.0500 -14.2087  6.6654 -6.5186 -0.1221 -8.3086 -2.2195  -0.6454  -8.4113   1.7319
State 6 -338.0058 102.3148 -16.4172 33.0500 -14.2087  6.6654 -6.5186 -0.1221 -8.3086 -2.2195  -0.6454  -8.4113   1.7319
State 7 -338.0058 102.3148 -16.4172 33.0500 -14.2087  6.6654 -6.5186 -0.1221 -8.3086 -2.2195  -0.6454  -8.4113   1.7319
State 8 -338.0058 102.3148 -16.4172 33.0500 -14.2087  6.6654 -6.5186 -0.1221 -8.3086 -2.2195  -0.6454  -8.4113   1.7319
State 9 -338.0058 102.3148 -16.4172 33.0500 -14.2087  6.6654 -6.5186 -0.1221 -8.3086 -2.2195  -0.6454  -8.4113   1.7319

Initial Covariance Matrices:

State 1 Covariance:
            MFCC_1    MFCC_2    MFCC_3    MFCC_4   MFCC_5   MFCC_6   MFCC_7   MFCC_8   MFCC_9  MFCC_10  MFCC_11  MFCC_12  MFCC_13
MFCC_1  27861.5807    0.0000   -0.0000    0.0000  -0.0000   0.0000  -0.0000  -0.0000  -0.0000  -0.0000  -0.0000  -0.0000   0.0000
MFCC_2      0.0000 4428.2413   -0.0000    0.0000  -0.0000  -0.0000   0.0000  -0.0000  -0.0000  -0.0000  -0.0000  -0.0000  -0.0000
MFCC_3     -0.0000   -0.0000 1204.4603   -0.0000   0.0000  -0.0000   0.0000   0.0000   0.0000  -0.0000  -0.0000   0.0000  -0.0000
MFCC_4      0.0000    0.0000   -0.0000 1009.8662   0.0000   0.0000  -0.0000   0.0000  -0.0000  -0.0000  -0.0000  -0.0000   0.0000
MFCC_5     -0.0000   -0.0000    0.0000    0.0000 645.3633  -0.0000   0.0000  -0.0000   0.0000   0.0000  -0.0000   0.0000  -0.0000
MFCC_6      0.0000   -0.0000   -0.0000    0.0000  -0.0000 412.7096  -0.0000   0.0000   0.0000  -0.0000   0.0000  -0.0000   0.0000
MFCC_7     -0.0000    0.0000    0.0000   -0.0000   0.0000  -0.0000 239.7372  -0.0000  -0.0000   0.0000  -0.0000   0.0000  -0.0000
MFCC_8     -0.0000   -0.0000    0.0000    0.0000  -0.0000   0.0000  -0.0000 162.5242   0.0000  -0.0000   0.0000  -0.0000   0.0000
MFCC_9     -0.0000   -0.0000    0.0000   -0.0000   0.0000   0.0000  -0.0000   0.0000 184.3615   0.0000   0.0000   0.0000   0.0000
MFCC_10    -0.0000   -0.0000   -0.0000   -0.0000   0.0000  -0.0000   0.0000  -0.0000   0.0000 125.2499   0.0000  -0.0000   0.0000
MFCC_11    -0.0000   -0.0000   -0.0000   -0.0000  -0.0000   0.0000  -0.0000   0.0000   0.0000   0.0000 108.6182   0.0000   0.0000
MFCC_12    -0.0000   -0.0000    0.0000   -0.0000   0.0000  -0.0000   0.0000  -0.0000   0.0000  -0.0000   0.0000 108.5609   0.0000
MFCC_13     0.0000   -0.0000   -0.0000    0.0000  -0.0000   0.0000  -0.0000   0.0000   0.0000   0.0000   0.0000   0.0000  87.9699

State 2 Covariance:
            MFCC_1    MFCC_2    MFCC_3    MFCC_4   MFCC_5   MFCC_6   MFCC_7   MFCC_8   MFCC_9  MFCC_10  MFCC_11  MFCC_12  MFCC_13
MFCC_1  27861.5807    0.0000   -0.0000    0.0000  -0.0000   0.0000  -0.0000  -0.0000  -0.0000  -0.0000  -0.0000  -0.0000   0.0000
MFCC_2      0.0000 4428.2413   -0.0000    0.0000  -0.0000  -0.0000   0.0000  -0.0000  -0.0000  -0.0000  -0.0000  -0.0000  -0.0000
MFCC_3     -0.0000   -0.0000 1204.4603   -0.0000   0.0000  -0.0000   0.0000   0.0000   0.0000  -0.0000  -0.0000   0.0000  -0.0000
MFCC_4      0.0000    0.0000   -0.0000 1009.8662   0.0000   0.0000  -0.0000   0.0000  -0.0000  -0.0000  -0.0000  -0.0000   0.0000
MFCC_5     -0.0000   -0.0000    0.0000    0.0000 645.3633  -0.0000   0.0000  -0.0000   0.0000   0.0000  -0.0000   0.0000  -0.0000
MFCC_6      0.0000   -0.0000   -0.0000    0.0000  -0.0000 412.7096  -0.0000   0.0000   0.0000  -0.0000   0.0000  -0.0000   0.0000
MFCC_7     -0.0000    0.0000    0.0000   -0.0000   0.0000  -0.0000 239.7372  -0.0000  -0.0000   0.0000  -0.0000   0.0000  -0.0000
MFCC_8     -0.0000   -0.0000    0.0000    0.0000  -0.0000   0.0000  -0.0000 162.5242   0.0000  -0.0000   0.0000  -0.0000   0.0000
MFCC_9     -0.0000   -0.0000    0.0000   -0.0000   0.0000   0.0000  -0.0000   0.0000 184.3615   0.0000   0.0000   0.0000   0.0000
MFCC_10    -0.0000   -0.0000   -0.0000   -0.0000   0.0000  -0.0000   0.0000  -0.0000   0.0000 125.2499   0.0000  -0.0000   0.0000
MFCC_11    -0.0000   -0.0000   -0.0000   -0.0000  -0.0000   0.0000  -0.0000   0.0000   0.0000   0.0000 108.6182   0.0000   0.0000
MFCC_12    -0.0000   -0.0000    0.0000   -0.0000   0.0000  -0.0000   0.0000  -0.0000   0.0000  -0.0000   0.0000 108.5609   0.0000
MFCC_13     0.0000   -0.0000   -0.0000    0.0000  -0.0000   0.0000  -0.0000   0.0000   0.0000   0.0000   0.0000   0.0000  87.9699

State 3 Covariance:
            MFCC_1    MFCC_2    MFCC_3    MFCC_4   MFCC_5   MFCC_6   MFCC_7   MFCC_8   MFCC_9  MFCC_10  MFCC_11  MFCC_12  MFCC_13
MFCC_1  27861.5807    0.0000   -0.0000    0.0000  -0.0000   0.0000  -0.0000  -0.0000  -0.0000  -0.0000  -0.0000  -0.0000   0.0000
MFCC_2      0.0000 4428.2413   -0.0000    0.0000  -0.0000  -0.0000   0.0000  -0.0000  -0.0000  -0.0000  -0.0000  -0.0000  -0.0000
MFCC_3     -0.0000   -0.0000 1204.4603   -0.0000   0.0000  -0.0000   0.0000   0.0000   0.0000  -0.0000  -0.0000   0.0000  -0.0000
MFCC_4      0.0000    0.0000   -0.0000 1009.8662   0.0000   0.0000  -0.0000   0.0000  -0.0000  -0.0000  -0.0000  -0.0000   0.0000
MFCC_5     -0.0000   -0.0000    0.0000    0.0000 645.3633  -0.0000   0.0000  -0.0000   0.0000   0.0000  -0.0000   0.0000  -0.0000
MFCC_6      0.0000   -0.0000   -0.0000    0.0000  -0.0000 412.7096  -0.0000   0.0000   0.0000  -0.0000   0.0000  -0.0000   0.0000
MFCC_7     -0.0000    0.0000    0.0000   -0.0000   0.0000  -0.0000 239.7372  -0.0000  -0.0000   0.0000  -0.0000   0.0000  -0.0000
MFCC_8     -0.0000   -0.0000    0.0000    0.0000  -0.0000   0.0000  -0.0000 162.5242   0.0000  -0.0000   0.0000  -0.0000   0.0000
MFCC_9     -0.0000   -0.0000    0.0000   -0.0000   0.0000   0.0000  -0.0000   0.0000 184.3615   0.0000   0.0000   0.0000   0.0000
MFCC_10    -0.0000   -0.0000   -0.0000   -0.0000   0.0000  -0.0000   0.0000  -0.0000   0.0000 125.2499   0.0000  -0.0000   0.0000
MFCC_11    -0.0000   -0.0000   -0.0000   -0.0000  -0.0000   0.0000  -0.0000   0.0000   0.0000   0.0000 108.6182   0.0000   0.0000
MFCC_12    -0.0000   -0.0000    0.0000   -0.0000   0.0000  -0.0000   0.0000  -0.0000   0.0000  -0.0000   0.0000 108.5609   0.0000
MFCC_13     0.0000   -0.0000   -0.0000    0.0000  -0.0000   0.0000  -0.0000   0.0000   0.0000   0.0000   0.0000   0.0000  87.9699

State 4 Covariance:
            MFCC_1    MFCC_2    MFCC_3    MFCC_4   MFCC_5   MFCC_6   MFCC_7   MFCC_8   MFCC_9  MFCC_10  MFCC_11  MFCC_12  MFCC_13
MFCC_1  27861.5807    0.0000   -0.0000    0.0000  -0.0000   0.0000  -0.0000  -0.0000  -0.0000  -0.0000  -0.0000  -0.0000   0.0000
MFCC_2      0.0000 4428.2413   -0.0000    0.0000  -0.0000  -0.0000   0.0000  -0.0000  -0.0000  -0.0000  -0.0000  -0.0000  -0.0000
MFCC_3     -0.0000   -0.0000 1204.4603   -0.0000   0.0000  -0.0000   0.0000   0.0000   0.0000  -0.0000  -0.0000   0.0000  -0.0000
MFCC_4      0.0000    0.0000   -0.0000 1009.8662   0.0000   0.0000  -0.0000   0.0000  -0.0000  -0.0000  -0.0000  -0.0000   0.0000
MFCC_5     -0.0000   -0.0000    0.0000    0.0000 645.3633  -0.0000   0.0000  -0.0000   0.0000   0.0000  -0.0000   0.0000  -0.0000
MFCC_6      0.0000   -0.0000   -0.0000    0.0000  -0.0000 412.7096  -0.0000   0.0000   0.0000  -0.0000   0.0000  -0.0000   0.0000
MFCC_7     -0.0000    0.0000    0.0000   -0.0000   0.0000  -0.0000 239.7372  -0.0000  -0.0000   0.0000  -0.0000   0.0000  -0.0000
MFCC_8     -0.0000   -0.0000    0.0000    0.0000  -0.0000   0.0000  -0.0000 162.5242   0.0000  -0.0000   0.0000  -0.0000   0.0000
MFCC_9     -0.0000   -0.0000    0.0000   -0.0000   0.0000   0.0000  -0.0000   0.0000 184.3615   0.0000   0.0000   0.0000   0.0000
MFCC_10    -0.0000   -0.0000   -0.0000   -0.0000   0.0000  -0.0000   0.0000  -0.0000   0.0000 125.2499   0.0000  -0.0000   0.0000
MFCC_11    -0.0000   -0.0000   -0.0000   -0.0000  -0.0000   0.0000  -0.0000   0.0000   0.0000   0.0000 108.6182   0.0000   0.0000
MFCC_12    -0.0000   -0.0000    0.0000   -0.0000   0.0000  -0.0000   0.0000  -0.0000   0.0000  -0.0000   0.0000 108.5609   0.0000
MFCC_13     0.0000   -0.0000   -0.0000    0.0000  -0.0000   0.0000  -0.0000   0.0000   0.0000   0.0000   0.0000   0.0000  87.9699

State 5 Covariance:
            MFCC_1    MFCC_2    MFCC_3    MFCC_4   MFCC_5   MFCC_6   MFCC_7   MFCC_8   MFCC_9  MFCC_10  MFCC_11  MFCC_12  MFCC_13
MFCC_1  27861.5807    0.0000   -0.0000    0.0000  -0.0000   0.0000  -0.0000  -0.0000  -0.0000  -0.0000  -0.0000  -0.0000   0.0000
MFCC_2      0.0000 4428.2413   -0.0000    0.0000  -0.0000  -0.0000   0.0000  -0.0000  -0.0000  -0.0000  -0.0000  -0.0000  -0.0000
MFCC_3     -0.0000   -0.0000 1204.4603   -0.0000   0.0000  -0.0000   0.0000   0.0000   0.0000  -0.0000  -0.0000   0.0000  -0.0000
MFCC_4      0.0000    0.0000   -0.0000 1009.8662   0.0000   0.0000  -0.0000   0.0000  -0.0000  -0.0000  -0.0000  -0.0000   0.0000
MFCC_5     -0.0000   -0.0000    0.0000    0.0000 645.3633  -0.0000   0.0000  -0.0000   0.0000   0.0000  -0.0000   0.0000  -0.0000
MFCC_6      0.0000   -0.0000   -0.0000    0.0000  -0.0000 412.7096  -0.0000   0.0000   0.0000  -0.0000   0.0000  -0.0000   0.0000
MFCC_7     -0.0000    0.0000    0.0000   -0.0000   0.0000  -0.0000 239.7372  -0.0000  -0.0000   0.0000  -0.0000   0.0000  -0.0000
MFCC_8     -0.0000   -0.0000    0.0000    0.0000  -0.0000   0.0000  -0.0000 162.5242   0.0000  -0.0000   0.0000  -0.0000   0.0000
MFCC_9     -0.0000   -0.0000    0.0000   -0.0000   0.0000   0.0000  -0.0000   0.0000 184.3615   0.0000   0.0000   0.0000   0.0000
MFCC_10    -0.0000   -0.0000   -0.0000   -0.0000   0.0000  -0.0000   0.0000  -0.0000   0.0000 125.2499   0.0000  -0.0000   0.0000
MFCC_11    -0.0000   -0.0000   -0.0000   -0.0000  -0.0000   0.0000  -0.0000   0.0000   0.0000   0.0000 108.6182   0.0000   0.0000
MFCC_12    -0.0000   -0.0000    0.0000   -0.0000   0.0000  -0.0000   0.0000  -0.0000   0.0000  -0.0000   0.0000 108.5609   0.0000
MFCC_13     0.0000   -0.0000   -0.0000    0.0000  -0.0000   0.0000  -0.0000   0.0000   0.0000   0.0000   0.0000   0.0000  87.9699

State 6 Covariance:
            MFCC_1    MFCC_2    MFCC_3    MFCC_4   MFCC_5   MFCC_6   MFCC_7   MFCC_8   MFCC_9  MFCC_10  MFCC_11  MFCC_12  MFCC_13
MFCC_1  27861.5807    0.0000   -0.0000    0.0000  -0.0000   0.0000  -0.0000  -0.0000  -0.0000  -0.0000  -0.0000  -0.0000   0.0000
MFCC_2      0.0000 4428.2413   -0.0000    0.0000  -0.0000  -0.0000   0.0000  -0.0000  -0.0000  -0.0000  -0.0000  -0.0000  -0.0000
MFCC_3     -0.0000   -0.0000 1204.4603   -0.0000   0.0000  -0.0000   0.0000   0.0000   0.0000  -0.0000  -0.0000   0.0000  -0.0000
MFCC_4      0.0000    0.0000   -0.0000 1009.8662   0.0000   0.0000  -0.0000   0.0000  -0.0000  -0.0000  -0.0000  -0.0000   0.0000
MFCC_5     -0.0000   -0.0000    0.0000    0.0000 645.3633  -0.0000   0.0000  -0.0000   0.0000   0.0000  -0.0000   0.0000  -0.0000
MFCC_6      0.0000   -0.0000   -0.0000    0.0000  -0.0000 412.7096  -0.0000   0.0000   0.0000  -0.0000   0.0000  -0.0000   0.0000
MFCC_7     -0.0000    0.0000    0.0000   -0.0000   0.0000  -0.0000 239.7372  -0.0000  -0.0000   0.0000  -0.0000   0.0000  -0.0000
MFCC_8     -0.0000   -0.0000    0.0000    0.0000  -0.0000   0.0000  -0.0000 162.5242   0.0000  -0.0000   0.0000  -0.0000   0.0000
MFCC_9     -0.0000   -0.0000    0.0000   -0.0000   0.0000   0.0000  -0.0000   0.0000 184.3615   0.0000   0.0000   0.0000   0.0000
MFCC_10    -0.0000   -0.0000   -0.0000   -0.0000   0.0000  -0.0000   0.0000  -0.0000   0.0000 125.2499   0.0000  -0.0000   0.0000
MFCC_11    -0.0000   -0.0000   -0.0000   -0.0000  -0.0000   0.0000  -0.0000   0.0000   0.0000   0.0000 108.6182   0.0000   0.0000
MFCC_12    -0.0000   -0.0000    0.0000   -0.0000   0.0000  -0.0000   0.0000  -0.0000   0.0000  -0.0000   0.0000 108.5609   0.0000
MFCC_13     0.0000   -0.0000   -0.0000    0.0000  -0.0000   0.0000  -0.0000   0.0000   0.0000   0.0000   0.0000   0.0000  87.9699

State 7 Covariance:
            MFCC_1    MFCC_2    MFCC_3    MFCC_4   MFCC_5   MFCC_6   MFCC_7   MFCC_8   MFCC_9  MFCC_10  MFCC_11  MFCC_12  MFCC_13
MFCC_1  27861.5807    0.0000   -0.0000    0.0000  -0.0000   0.0000  -0.0000  -0.0000  -0.0000  -0.0000  -0.0000  -0.0000   0.0000
MFCC_2      0.0000 4428.2413   -0.0000    0.0000  -0.0000  -0.0000   0.0000  -0.0000  -0.0000  -0.0000  -0.0000  -0.0000  -0.0000
MFCC_3     -0.0000   -0.0000 1204.4603   -0.0000   0.0000  -0.0000   0.0000   0.0000   0.0000  -0.0000  -0.0000   0.0000  -0.0000
MFCC_4      0.0000    0.0000   -0.0000 1009.8662   0.0000   0.0000  -0.0000   0.0000  -0.0000  -0.0000  -0.0000  -0.0000   0.0000
MFCC_5     -0.0000   -0.0000    0.0000    0.0000 645.3633  -0.0000   0.0000  -0.0000   0.0000   0.0000  -0.0000   0.0000  -0.0000
MFCC_6      0.0000   -0.0000   -0.0000    0.0000  -0.0000 412.7096  -0.0000   0.0000   0.0000  -0.0000   0.0000  -0.0000   0.0000
MFCC_7     -0.0000    0.0000    0.0000   -0.0000   0.0000  -0.0000 239.7372  -0.0000  -0.0000   0.0000  -0.0000   0.0000  -0.0000
MFCC_8     -0.0000   -0.0000    0.0000    0.0000  -0.0000   0.0000  -0.0000 162.5242   0.0000  -0.0000   0.0000  -0.0000   0.0000
MFCC_9     -0.0000   -0.0000    0.0000   -0.0000   0.0000   0.0000  -0.0000   0.0000 184.3615   0.0000   0.0000   0.0000   0.0000
MFCC_10    -0.0000   -0.0000   -0.0000   -0.0000   0.0000  -0.0000   0.0000  -0.0000   0.0000 125.2499   0.0000  -0.0000   0.0000
MFCC_11    -0.0000   -0.0000   -0.0000   -0.0000  -0.0000   0.0000  -0.0000   0.0000   0.0000   0.0000 108.6182   0.0000   0.0000
MFCC_12    -0.0000   -0.0000    0.0000   -0.0000   0.0000  -0.0000   0.0000  -0.0000   0.0000  -0.0000   0.0000 108.5609   0.0000
MFCC_13     0.0000   -0.0000   -0.0000    0.0000  -0.0000   0.0000  -0.0000   0.0000   0.0000   0.0000   0.0000   0.0000  87.9699

State 8 Covariance:
            MFCC_1    MFCC_2    MFCC_3    MFCC_4   MFCC_5   MFCC_6   MFCC_7   MFCC_8   MFCC_9  MFCC_10  MFCC_11  MFCC_12  MFCC_13
MFCC_1  27861.5807    0.0000   -0.0000    0.0000  -0.0000   0.0000  -0.0000  -0.0000  -0.0000  -0.0000  -0.0000  -0.0000   0.0000
MFCC_2      0.0000 4428.2413   -0.0000    0.0000  -0.0000  -0.0000   0.0000  -0.0000  -0.0000  -0.0000  -0.0000  -0.0000  -0.0000
MFCC_3     -0.0000   -0.0000 1204.4603   -0.0000   0.0000  -0.0000   0.0000   0.0000   0.0000  -0.0000  -0.0000   0.0000  -0.0000
MFCC_4      0.0000    0.0000   -0.0000 1009.8662   0.0000   0.0000  -0.0000   0.0000  -0.0000  -0.0000  -0.0000  -0.0000   0.0000
MFCC_5     -0.0000   -0.0000    0.0000    0.0000 645.3633  -0.0000   0.0000  -0.0000   0.0000   0.0000  -0.0000   0.0000  -0.0000
MFCC_6      0.0000   -0.0000   -0.0000    0.0000  -0.0000 412.7096  -0.0000   0.0000   0.0000  -0.0000   0.0000  -0.0000   0.0000
MFCC_7     -0.0000    0.0000    0.0000   -0.0000   0.0000  -0.0000 239.7372  -0.0000  -0.0000   0.0000  -0.0000   0.0000  -0.0000
MFCC_8     -0.0000   -0.0000    0.0000    0.0000  -0.0000   0.0000  -0.0000 162.5242   0.0000  -0.0000   0.0000  -0.0000   0.0000
MFCC_9     -0.0000   -0.0000    0.0000   -0.0000   0.0000   0.0000  -0.0000   0.0000 184.3615   0.0000   0.0000   0.0000   0.0000
MFCC_10    -0.0000   -0.0000   -0.0000   -0.0000   0.0000  -0.0000   0.0000  -0.0000   0.0000 125.2499   0.0000  -0.0000   0.0000
MFCC_11    -0.0000   -0.0000   -0.0000   -0.0000  -0.0000   0.0000  -0.0000   0.0000   0.0000   0.0000 108.6182   0.0000   0.0000
MFCC_12    -0.0000   -0.0000    0.0000   -0.0000   0.0000  -0.0000   0.0000  -0.0000   0.0000  -0.0000   0.0000 108.5609   0.0000
MFCC_13     0.0000   -0.0000   -0.0000    0.0000  -0.0000   0.0000  -0.0000   0.0000   0.0000   0.0000   0.0000   0.0000  87.9699

Updated Means:
           MFCC 0   MFCC 1  MFCC 2  MFCC 3   MFCC 4  MFCC 5   MFCC 6  MFCC 7   MFCC 8  MFCC 9  MFCC 10  MFCC 11  MFCC 12
State 0    0.0000   0.0000  0.0000  0.0000   0.0000  0.0000   0.0000  0.0000   0.0000  0.0000   0.0000   0.0000   0.0000
State 1 -468.3693  41.3087 -3.0035 24.2649  -4.5088  1.4546  -0.7600  3.3042  -4.5096 -1.7781   0.6282  -4.2314   0.9001
State 2 -330.7567  83.2409 -7.6827 58.5799 -10.1932  1.0533  -2.1473  6.3951 -13.6178 -4.7326  -0.2317 -11.5748   0.6828
State 3 -251.5456 103.2984 -7.7986 81.1482 -11.0480 -1.1854  -2.4730  6.5034 -21.6803 -7.4125  -3.0578 -17.5468  -1.3065
State 4 -229.4145 111.4834 -4.5350 89.1409  -8.8817 -1.6420  -2.0811  5.6846 -24.1404 -8.9843  -4.9160 -19.5607  -3.0591
State 5 -242.3040 112.1647 -1.9919 86.0262  -8.2518  2.3550  -3.5349  5.9448 -20.5132 -9.3004  -4.0975 -17.7669  -2.6789
State 6 -275.5559 103.6632 -1.6985 74.3000 -10.8584  9.7838  -7.8730  7.1004 -13.2680 -8.4635  -1.4259 -13.7939   0.0907
State 7 -338.7915  83.9382 -0.9011 54.1349 -12.4502 14.0233 -10.8980  7.0679  -5.9874 -6.3493   0.8997  -9.2075   2.8180
State 8 -458.4053  45.5677  1.5983 24.8878  -6.9379  8.5091  -6.7581  3.7455  -1.4137 -2.9914   0.9267  -4.1843   2.2535
State 9    0.0000   0.0000  0.0000  0.0000   0.0000  0.0000   0.0000  0.0000   0.0000  0.0000   0.0000   0.0000   0.0000

Updated Covariance Matrices:

State 1 Covariance:
            MFCC_1    MFCC_2     MFCC_3    MFCC_4     MFCC_5   MFCC_6    MFCC_7   MFCC_8    MFCC_9   MFCC_10  MFCC_11   MFCC_12  MFCC_13
MFCC_1  20281.4056 6260.8957 -1061.6817 4588.5940 -1044.1962 314.8785 -266.6525 557.4543 -967.6595 -334.9956  74.3311 -886.3242 140.0130
MFCC_2   6260.8957 2556.4983  -111.9872 1315.6233  -198.8655  97.1097  -56.9641 183.5837 -253.6691 -115.5360  22.5898 -237.8711  32.9686
MFCC_3  -1061.6817 -111.9872   302.5587 -243.0702   106.7290 -23.8617   57.8806 -46.3471   28.7795    4.4166 -35.7473   35.6199 -26.4836
MFCC_4   4588.5940 1315.6233  -243.0702 1243.3138  -202.0645  54.0994  -48.7411 147.3698 -256.6178  -83.8046  24.6395 -207.7542  22.6492
MFCC_5  -1044.1962 -198.8655   106.7290 -202.0645   211.8669 -29.7633   14.0384  11.4776   47.1234   -9.1874  -4.8943   66.5685 -41.3675
MFCC_6    314.8785   97.1097   -23.8617   54.0994   -29.7633  86.7435  -10.8175  12.1289    9.3416   -9.8725   8.6945   -7.4557  11.5815
MFCC_7   -266.6525  -56.9641    57.8806  -48.7411    14.0384 -10.8175   54.3771  -8.6299    6.8783   12.9260  -9.5982    5.1563  -1.2388
MFCC_8    557.4543  183.5837   -46.3471  147.3698    11.4776  12.1289   -8.6299  87.4630   -9.9794  -22.4155  21.6988  -10.4367  -5.8546
MFCC_9   -967.6595 -253.6691    28.7795 -256.6178    47.1234   9.3416    6.8783  -9.9794   97.3379   26.0581  10.7379   60.2102   4.3937
MFCC_10  -334.9956 -115.5360     4.4166  -83.8046    -9.1874  -9.8725   12.9260 -22.4155   26.0581   38.4197   3.5910   12.4515  14.8756
MFCC_11    74.3311   22.5898   -35.7473   24.6395    -4.8943   8.6945   -9.5982  21.6988   10.7379    3.5910  34.2774   14.6601   2.4221
MFCC_12  -886.3242 -237.8711    35.6199 -207.7542    66.5685  -7.4557    5.1563 -10.4367   60.2102   12.4515  14.6601   70.7250  -4.9013
MFCC_13   140.0130   32.9686   -26.4836   22.6492   -41.3675  11.5815   -1.2388  -5.8546    4.3937   14.8756   2.4221   -4.9013  40.9432

State 2 Covariance:
            MFCC_1    MFCC_2     MFCC_3    MFCC_4    MFCC_5   MFCC_6    MFCC_7   MFCC_8     MFCC_9   MFCC_10   MFCC_11    MFCC_12  MFCC_13
MFCC_1  19309.4651 4658.0603 -1029.5701 4655.3858 -974.5319  82.3888 -312.6711 290.8294 -1384.8147 -435.1091 -219.7708 -1136.0536 -70.1948
MFCC_2   4658.0603 1969.8033    41.3955 1039.1308   31.5311  10.3344  -29.3361  95.0100  -276.8141 -125.5422  -57.2586  -225.4293 -41.4502
MFCC_3  -1029.5701   41.3955   536.2644 -211.4854  139.0938  -2.8656   91.9494 -77.1749     6.7111    2.0316  -55.3328    22.8104 -38.5025
MFCC_4   4655.3858 1039.1308  -211.4854 1494.8097 -109.9740 -16.6428  -50.7310 129.3094  -394.4348 -124.2806  -38.6768  -278.1750 -39.6012
MFCC_5   -974.5319   31.5311   139.0938 -109.9740  471.0201 -69.5891   17.5187 100.6113    59.9753  -41.5026    0.8315    97.2022 -75.0331
MFCC_6     82.3888   10.3344    -2.8656  -16.6428  -69.5891 179.7861  -21.7743  16.4403    54.6666  -13.7464   28.9117    12.1000  18.4395
MFCC_7   -312.6711  -29.3361    91.9494  -50.7310   17.5187 -21.7743  111.5051 -36.6477     2.7550   32.9684  -22.7515     4.2346   4.3690
MFCC_8    290.8294   95.0100   -77.1749  129.3094  100.6113  16.4403  -36.6477 189.8501    20.5593  -46.5636   58.4116    19.4390 -21.5223
MFCC_9  -1384.8147 -276.8141     6.7111 -394.4348   59.9753  54.6666    2.7550  20.5593   208.6014   40.4472   53.4224   122.1620  22.2676
MFCC_10  -435.1091 -125.5422     2.0316 -124.2806  -41.5026 -13.7464   32.9684 -46.5636    40.4472   84.3975    5.5590    19.6693  42.3594
MFCC_11  -219.7708  -57.2586   -55.3328  -38.6768    0.8315  28.9117  -22.7515  58.4116    53.4224    5.5590   87.1342    48.8246   1.4194
MFCC_12 -1136.0536 -225.4293    22.8104 -278.1750   97.2022  12.1000    4.2346  19.4390   122.1620   19.6693   48.8246   134.3653   4.5439
MFCC_13   -70.1948  -41.4502   -38.5025  -39.6012  -75.0331  18.4395    4.3690 -21.5223    22.2676   42.3594    1.4194     4.5439  87.1039

State 3 Covariance:
           MFCC_1    MFCC_2    MFCC_3    MFCC_4    MFCC_5    MFCC_6    MFCC_7   MFCC_8    MFCC_9   MFCC_10   MFCC_11   MFCC_12   MFCC_13
MFCC_1  8074.5703 1282.8372 -439.2393 1819.2515 -379.8948 -126.7146 -153.0314 -93.2647 -789.0340 -236.8579 -314.3782 -629.0443 -145.9891
MFCC_2  1282.8372  973.0175  220.2728  347.7822  314.3718  -55.5929   60.0101  -5.3445 -109.8603  -65.2952  -83.0733  -78.7796  -67.3469
MFCC_3  -439.2393  220.2728  637.2941  -37.1082   88.9267   59.8148   87.0497 -90.3704  -26.1505   -3.4507  -38.1671   -5.3665  -42.5027
MFCC_4  1819.2515  347.7822  -37.1082  845.3487  129.7311  -61.4642   -3.3154  78.1217 -242.7603  -89.1311  -53.4872 -133.0730  -59.5661
MFCC_5  -379.8948  314.3718   88.9267  129.7311  662.3821 -103.1920   23.5336 201.9897   34.0926  -72.6923    2.3470   88.4786  -83.9716
MFCC_6  -126.7146  -55.5929   59.8148  -61.4642 -103.1920  240.4697  -41.7314  31.5972   90.1220  -26.2659   51.1343   26.7074   13.9323
MFCC_7  -153.0314   60.0101   87.0497   -3.3154   23.5336  -41.7314  148.5807 -75.2053  -17.2824   46.2139  -42.8628   -2.0011    6.3841
MFCC_8   -93.2647   -5.3445  -90.3704   78.1217  201.9897   31.5972  -75.2053 275.5841   50.4058  -67.6330   93.4216   46.2465  -26.9613
MFCC_9  -789.0340 -109.8603  -26.1505 -242.7603   34.0926   90.1220  -17.2824  50.4058  203.8898   14.9927   65.2832  105.5125   17.3265
MFCC_10 -236.8579  -65.2952   -3.4507  -89.1311  -72.6923  -26.2659   46.2139 -67.6330   14.9927  107.1348   -8.4242    8.7289   59.6133
MFCC_11 -314.3782  -83.0733  -38.1671  -53.4872    2.3470   51.1343  -42.8628  93.4216   65.2832   -8.4242  118.6435   53.2313   -6.8403
MFCC_12 -629.0443  -78.7796   -5.3665 -133.0730   88.4786   26.7074   -2.0011  46.2465  105.5125    8.7289   53.2313  128.5323    2.7658
MFCC_13 -145.9891  -67.3469  -42.5027  -59.5661  -83.9716   13.9323    6.3841 -26.9613   17.3265   59.6133   -6.8403    2.7658  110.3785

State 4 Covariance:
           MFCC_1    MFCC_2    MFCC_3    MFCC_4    MFCC_5    MFCC_6    MFCC_7    MFCC_8    MFCC_9  MFCC_10   MFCC_11   MFCC_12  MFCC_13
MFCC_1  3829.0884   44.0336 -570.5294  570.5895 -397.6961 -221.5277 -125.0036 -125.5394 -421.4110 -79.2907 -206.1691 -346.7416 -49.2856
MFCC_2    44.0336  739.6548  263.1979   91.2564  398.9087 -102.7305  138.8114  -28.1195  -10.9483 -19.2023  -62.7582    1.6123 -61.6134
MFCC_3  -570.5294  263.1979  732.1710  -55.2070   78.5433  106.4545   88.4080  -99.0389    9.5773   4.4649    0.9868   21.1557 -44.4744
MFCC_4   570.5895   91.2564  -55.2070  520.3988  182.4258  -93.4666   21.3407   90.1613 -149.1078 -54.4833  -22.7441  -44.7189 -26.8152
MFCC_5  -397.6961  398.9087   78.5433  182.4258  768.7010 -116.0933   58.5152  247.6425   38.3648 -73.7693    1.2479  101.5021 -80.6326
MFCC_6  -221.5277 -102.7305  106.4545  -93.4666 -116.0933  313.9370  -85.9167   53.3115  130.0098 -41.7380   65.9981   37.7890  17.5546
MFCC_7  -125.0036  138.8114   88.4080   21.3407   58.5152  -85.9167  187.2790  -99.8035  -33.7057  55.4033  -57.8091   -1.6176  -3.0727
MFCC_8  -125.5394  -28.1195  -99.0389   90.1613  247.6425   53.3115  -99.8035  320.4051   45.7681 -84.5767  101.3300   40.9131 -26.0305
MFCC_9  -421.4110  -10.9483    9.5773 -149.1078   38.3648  130.0098  -33.7057   45.7681  192.6256 -12.3412   45.4706   86.5884   1.3361
MFCC_10  -79.2907  -19.2023    4.4649  -54.4833  -73.7693  -41.7380   55.4033  -84.5767  -12.3412 115.3074  -24.0332   -2.3289  61.0309
MFCC_11 -206.1691  -62.7582    0.9868  -22.7441    1.2479   65.9981  -57.8091  101.3300   45.4706 -24.0332  116.7911   34.2616 -16.2983
MFCC_12 -346.7416    1.6123   21.1557  -44.7189  101.5021   37.7890   -1.6176   40.9131   86.5884  -2.3289   34.2616  116.3985  -7.7781
MFCC_13  -49.2856  -61.6134  -44.4744  -26.8152  -80.6326   17.5546   -3.0727  -26.0305    1.3361  61.0309  -16.2983   -7.7781 116.7219

State 5 Covariance:
           MFCC_1    MFCC_2    MFCC_3    MFCC_4    MFCC_5    MFCC_6    MFCC_7    MFCC_8    MFCC_9  MFCC_10   MFCC_11   MFCC_12   MFCC_13
MFCC_1  4359.9265 -122.6946 -853.7575  711.7458 -620.8051 -315.8321 -138.8209  -78.5569 -522.4017 -74.0778 -169.0213 -385.4595  -32.4643
MFCC_2  -122.6946  898.3985  326.7694   62.7021  464.4387 -260.5443  259.5013  -67.9817  -42.6395  -2.6872  -80.8744   -1.5611 -115.4179
MFCC_3  -853.7575  326.7694  796.4185  -99.0407  150.2332   49.8278  130.7625 -106.3526   19.7716   8.3970   11.3024   40.3948  -65.0354
MFCC_4   711.7458   62.7021  -99.0407  585.0551  147.7905 -178.5338   61.2429   78.8960 -211.9506 -50.9460  -33.2693  -76.9666  -31.5329
MFCC_5  -620.8051  464.4387  150.2332  147.7905  799.9754 -176.1310  143.8395  201.7157   19.8567 -51.2418  -26.6629   90.5841 -100.3535
MFCC_6  -315.8321 -260.5443   49.8278 -178.5338 -176.1310  441.3995 -175.4058   84.7826  198.8771 -39.2561   90.6000   66.3319   67.9040
MFCC_7  -138.8209  259.5013  130.7625   61.2429  143.8395 -175.4058  252.2456 -107.0421  -66.2626  56.6566  -70.8733  -13.3190  -41.0768
MFCC_8   -78.5569  -67.9817 -106.3526   78.8960  201.7157   84.7826 -107.0421  309.0556   42.8344 -83.6223   90.7204   30.2055   -9.4760
MFCC_9  -522.4017  -42.6395   19.7716 -211.9506   19.8567  198.8771  -66.2626   42.8344  244.1271  -9.0081   43.7110  107.0025   22.7759
MFCC_10  -74.0778   -2.6872    8.3970  -50.9460  -51.2418  -39.2561   56.6566  -83.6223   -9.0081 119.6325  -21.8657    0.1138   52.8341
MFCC_11 -169.0213  -80.8744   11.3024  -33.2693  -26.6629   90.6000  -70.8733   90.7204   43.7110 -21.8657  110.6311   29.1707   -2.8067
MFCC_12 -385.4595   -1.5611   40.3948  -76.9666   90.5841   66.3319  -13.3190   30.2055  107.0025   0.1138   29.1707  124.6375    4.3096
MFCC_13  -32.4643 -115.4179  -65.0354  -31.5329 -100.3535   67.9040  -41.0768   -9.4760   22.7759  52.8341   -2.8067    4.3096  124.6835

State 6 Covariance:
            MFCC_1    MFCC_2     MFCC_3    MFCC_4    MFCC_5    MFCC_6    MFCC_7    MFCC_8    MFCC_9   MFCC_10   MFCC_11   MFCC_12   MFCC_13
MFCC_1   7097.6672  442.9833 -1041.8126 1528.6213 -880.3703  -97.5026 -266.8437   68.8656 -690.4547 -194.2026 -116.0797 -486.1214  -19.8439
MFCC_2    442.9833 1344.1551   392.1012  200.1851  545.2483 -441.4133  376.2575 -122.4067 -141.6178  -11.6066 -124.0445  -61.6827 -201.6981
MFCC_3  -1041.8126  392.1012   798.9414 -108.6935  259.4807  -83.1973  195.4209 -106.2539  -11.2932    4.9487   -9.0424   36.0946  -99.2993
MFCC_4   1528.6213  200.1851  -108.6935  817.5261   62.4635 -174.3851   70.8394   71.3556 -281.8686  -76.2062  -45.9280 -134.9061  -49.3058
MFCC_5   -880.3703  545.2483   259.4807   62.4635  775.0001 -274.2362  244.9414   75.9792  -11.2367  -13.9170  -70.6655   51.8664 -138.4229
MFCC_6    -97.5026 -441.4133   -83.1973 -174.3851 -274.2362  515.7372 -250.4829  109.9658  198.7011  -28.4051  102.4185   68.6376  126.4332
MFCC_7   -266.8437  376.2575   195.4209   70.8394  244.9414 -250.4829  310.6747 -104.6600  -80.0646   51.8226  -77.0235  -20.6304  -88.1510
MFCC_8     68.8656 -122.4067  -106.2539   71.3556   75.9792  109.9658 -104.6600  252.4990   31.9978  -69.6811   73.3860   15.1963   18.9244
MFCC_9   -690.4547 -141.6178   -11.2932 -281.8686  -11.2367  198.7011  -80.0646   31.9978  261.2333   17.4647   40.2019  111.7464   51.6714
MFCC_10  -194.2026  -11.6066     4.9487  -76.2062  -13.9170  -28.4051   51.8226  -69.6811   17.4647  118.3497  -10.6403    9.2566   35.2699
MFCC_11  -116.0797 -124.0445    -9.0424  -45.9280  -70.6655  102.4185  -77.0235   73.3860   40.2019  -10.6403  103.3410   28.3817   20.2603
MFCC_12  -486.1214  -61.6827    36.0946 -134.9061   51.8664   68.6376  -20.6304   15.1963  111.7464    9.2566   28.3817  121.3424   23.9044
MFCC_13   -19.8439 -201.6981   -99.2993  -49.3058 -138.4229  126.4332  -88.1510   18.9244   51.6714   35.2699   20.2603   23.9044  127.4594

State 7 Covariance:
            MFCC_1    MFCC_2     MFCC_3    MFCC_4     MFCC_5    MFCC_6    MFCC_7   MFCC_8    MFCC_9   MFCC_10  MFCC_11   MFCC_12   MFCC_13
MFCC_1  14096.7090 2604.4520 -1258.4102 3147.4035 -1409.2442  765.5013 -780.3478 447.6471 -685.3769 -406.9747  55.1126 -630.4544  189.5008
MFCC_2   2604.4520 2014.9081   275.0151  569.9354   331.1268 -245.7307  205.4336 -72.8999 -159.8983  -53.2101 -93.4984 -136.8229 -152.4703
MFCC_3  -1258.4102  275.0151   689.2693 -176.5325   285.1368 -149.8026  192.5013 -88.6149  -13.2817    8.0704 -21.9233   42.1701  -96.6662
MFCC_4   3147.4035  569.9354  -176.5325 1101.1684  -166.6405   94.1476  -89.1964 142.1408 -233.7235 -118.6213   1.3141 -160.9621   19.5197
MFCC_5  -1409.2442  331.1268   285.1368 -166.6405   625.5147 -278.8908  250.4425 -43.8685   10.3688   29.0644 -76.1605   45.6497 -131.4286
MFCC_6    765.5013 -245.7307  -149.8026   94.1476  -278.8908  419.3008 -220.3911 112.8070   78.0063  -36.5780  74.7348    9.1538  116.6361
MFCC_7   -780.3478  205.4336   192.5013  -89.1964   250.4425 -220.3911  272.4032 -91.5223  -29.5616   52.8805 -56.5861    9.1462  -85.9454
MFCC_8    447.6471  -72.8999   -88.6149  142.1408   -43.8685  112.8070  -91.5223 178.2200    3.6518  -57.1162  51.5797   -9.0071   36.0589
MFCC_9   -685.3769 -159.8983   -13.2817 -233.7235    10.3688   78.0063  -29.5616   3.6518  179.8269   35.3375  15.1630   72.2621   32.7350
MFCC_10  -406.9747  -53.2101     8.0704 -118.6213    29.0644  -36.5780   52.8805 -57.1162   35.3375  103.1398  -4.2709   14.8750    9.1580
MFCC_11    55.1126  -93.4984   -21.9233    1.3141   -76.1605   74.7348  -56.5861  51.5797   15.1630   -4.2709  80.1473   16.9878   21.9341
MFCC_12  -630.4544 -136.8229    42.1701 -160.9621    45.6497    9.1538    9.1462  -9.0071   72.2621   14.8750  16.9878   94.5381   15.4286
MFCC_13   189.5008 -152.4703   -96.6662   19.5197  -131.4286  116.6361  -85.9454  36.0589   32.7350    9.1580  21.9341   15.4286   97.8731

State 8 Covariance:
            MFCC_1    MFCC_2    MFCC_3    MFCC_4     MFCC_5    MFCC_6     MFCC_7   MFCC_8    MFCC_9   MFCC_10  MFCC_11   MFCC_12  MFCC_13
MFCC_1  17795.2448 5044.1023 -738.9823 3662.5469 -1490.3246 1356.4228 -1126.3171 640.8915 -346.3032 -446.9609 184.5791 -633.7358 393.2340
MFCC_2   5044.1023 2455.7373  141.2254  950.2698  -114.1025  208.3412  -169.1571  75.7796  -82.9624 -105.9125  -0.8985 -185.8652  22.3863
MFCC_3   -738.9823  141.2254  380.9417 -119.6716   160.8269  -85.7058    93.9982 -45.0712   -5.6468    3.9922 -16.1597   26.4317 -49.0206
MFCC_4   3662.5469  950.2698 -119.6716  966.2175  -282.0725  292.8736  -223.9734 168.1963  -91.5829 -110.0303  45.6495 -135.3191  92.4380
MFCC_5  -1490.3246 -114.1025  160.8269 -282.0725   328.7479 -176.1721   156.4871 -70.1230   20.5474   40.0267 -41.0808   48.9978 -75.9548
MFCC_6   1356.4228  208.3412  -85.7058  292.8736  -176.1721  237.2894  -138.1196  85.5928   -4.1251  -40.0813  38.2284  -37.8501  67.6140
MFCC_7  -1126.3171 -169.1571   93.9982 -223.9734   156.4871 -138.1196   158.1038 -63.4320    5.2465   42.0087 -28.2998   33.8589 -51.5979
MFCC_8    640.8915   75.7796  -45.0712  168.1963   -70.1230   85.5928   -63.4320  92.3526   -5.0892  -35.0868  26.2662  -21.0487  30.7416
MFCC_9   -346.3032  -82.9624   -5.6468  -91.5829    20.5474   -4.1251     5.2465  -5.0892   66.4733   21.8500  -0.7055   23.8741   4.6458
MFCC_10  -446.9609 -105.9125    3.9922 -110.0303    40.0267  -40.0813    42.0087 -35.0868   21.8500   58.0118  -2.4049   14.0123  -7.8871
MFCC_11   184.5791   -0.8985  -16.1597   45.6495   -41.0808   38.2284   -28.2998  26.2662   -0.7055   -2.4049  39.3628    3.6215  10.9477
MFCC_12  -633.7358 -185.8652   26.4317 -135.3191    48.9978  -37.8501    33.8589 -21.0487   23.8741   14.0123   3.6215   52.9998  -4.7012
MFCC_13   393.2340   22.3863  -49.0206   92.4380   -75.9548   67.6140   -51.5979  30.7416    4.6458   -7.8871  10.9477   -4.7012  48.8409
PASSED
tests/test_training.py::test_baum_welch 
Training `None` HMM using Baum-Welch algorithm...
Iteration 1, Log-Likelihood: -255891.70
Iteration 2, Log-Likelihood: -143444.14
Iteration 3, Log-Likelihood: -127369.77
Iteration 4, Log-Likelihood: -140514.92
Iteration 5, Log-Likelihood: -147176.45
Iteration 6, Log-Likelihood: -161325.52
Iteration 7, Log-Likelihood: -158641.91
Iteration 8, Log-Likelihood: -146780.65
Iteration 9, Log-Likelihood: -148727.49
Iteration 10, Log-Likelihood: -134762.24
Iteration 11, Log-Likelihood: -9991677.06
Iteration 12, Log-Likelihood: -147770.70
Iteration 13, Log-Likelihood: -129468.02
Iteration 14, Log-Likelihood: -inf
Iteration 15, Log-Likelihood: nan
Training complete!
PASSED

=============================== warnings summary ===============================
tests/test_training.py::test_baum_welch
  /Users/frankcholula/Workspace/school/sapr/assignment2/custom_hmm.py:192: RuntimeWarning: divide by zero encountered in log
    alpha[t - 1, 1] + np.log(self.A[1, 1]),

tests/test_training.py::test_baum_welch
  /Users/frankcholula/Workspace/school/sapr/assignment2/custom_hmm.py:200: RuntimeWarning: divide by zero encountered in log
    alpha[t - 1, j] + np.log(self.A[j, j]),

tests/test_training.py::test_baum_welch
  /Users/frankcholula/Workspace/school/sapr/assignment2/custom_hmm.py:229: RuntimeWarning: divide by zero encountered in log
    np.log(self.A[i, i])

tests/test_training.py::test_baum_welch
  /Users/frankcholula/Workspace/school/sapr/assignment2/custom_hmm.py:238: RuntimeWarning: divide by zero encountered in log
    np.log(self.A[i, i])

tests/test_training.py::test_baum_welch
  /Users/frankcholula/Workspace/school/sapr/assignment2/custom_hmm.py:254: RuntimeWarning: invalid value encountered in subtract
    log_gamma = log_gamma - log_norm

tests/test_training.py::test_baum_welch
  /Users/frankcholula/Workspace/school/sapr/assignment2/custom_hmm.py:273: RuntimeWarning: invalid value encountered in scalar subtract
    alpha[t, 0]

tests/test_training.py::test_baum_welch
  /Users/frankcholula/Workspace/school/sapr/assignment2/custom_hmm.py:293: RuntimeWarning: invalid value encountered in scalar subtract
    alpha[t, i]

tests/test_training.py::test_baum_welch
  /Users/frankcholula/Workspace/school/sapr/assignment2/custom_hmm.py:302: RuntimeWarning: invalid value encountered in scalar subtract
    alpha[t, -2]

tests/test_training.py::test_baum_welch
  /Users/frankcholula/Workspace/school/sapr/assignment2/custom_hmm.py:311: RuntimeWarning: invalid value encountered in scalar subtract
    alpha[t, -1]

-- Docs: https://docs.pytest.org/en/stable/how-to/capture-warnings.html
======================= 17 passed, 9 warnings in 10.21s ========================
